<?xml version="1.0" encoding="UTF-8"?>
<!-- Generated by org.testng.reporters.JUnitReportReporter -->
<testsuite hostname="Arundhathi" failures="0" tests="1" name="org.waseel.dallah.testautomation.RegisterUserTest" time="116.367" errors="0" timestamp="2023-08-01T21:51:24 IST" skipped="0">
  <testcase classname="org.waseel.dallah.testautomation.RegisterUserTest" name="signUp" time="116.367"/>
  <system-out/>
</testsuite> <!-- org.waseel.dallah.testautomation.RegisterUserTest -->
