<?xml version="1.0" encoding="UTF-8"?>
<!-- Generated by org.testng.reporters.JUnitReportReporter -->
<testsuite hostname="DESKTOP-71I33JI" failures="0" tests="1" name="org.waseel.dallah.testautomation.BookAppointmentTest" time="157.314" errors="0" timestamp="2023-08-08T19:22:50 AST" skipped="0">
  <testcase classname="org.waseel.dallah.testautomation.BookAppointmentTest" name="bookAppointmentTest" time="157.314"/>
  <system-out/>
</testsuite> <!-- org.waseel.dallah.testautomation.BookAppointmentTest -->
