<?xml version="1.0" encoding="UTF-8"?>
<!-- Generated by org.testng.reporters.JUnitReportReporter -->
<testsuite hostname="Arundhathi" failures="0" tests="1" name="org.waseel.dallah.testautomation.SignInTest" time="17.130" errors="0" timestamp="2023-08-01T21:51:10 IST" skipped="0">
  <testcase classname="org.waseel.dallah.testautomation.SignInTest" name="signInTest" time="17.130"/>
  <system-out/>
</testsuite> <!-- org.waseel.dallah.testautomation.SignInTest -->
