<?xml version="1.0" encoding="UTF-8"?>
<!-- Generated by org.testng.reporters.JUnitReportReporter -->
<testsuite hostname="DESKTOP-71I33JI" failures="0" tests="1" name="org.waseel.dallah.testautomation.Test123" time="0.012" errors="0" timestamp="2023-07-21T05:24:50 AST" skipped="0">
  <testcase classname="org.waseel.dallah.testautomation.Test123" name="m1" time="0.012"/>
  <system-out/>
</testsuite> <!-- org.waseel.dallah.testautomation.Test123 -->
